
> demo-ha@0.1.0 build
> next build

▲ Next.js 16.2.4 (Turbopack)
- Environments: .env.local

  Creating an optimized production build ...
✓ Compiled successfully in 2.6s
  Running TypeScript ...
  Finished TypeScript in 2.5s ...
  Collecting page data using 6 workers ...
Error: supabaseKey is required.
    at new sI (C:\Dropbox\ALAN\2-WORK\OATHIS\DENNIS\oathis-dashboards\apps\demo-ha\.next\server\chunks\[root-of-the-server]__0jgf-4h._.js:47:43732)
    at <unknown> (C:\Dropbox\ALAN\2-WORK\OATHIS\DENNIS\oathis-dashboards\apps\demo-ha\.next\server\chunks\[root-of-the-server]__0jgf-4h._.js:47:48080)
    at module evaluation (C:\Dropbox\ALAN\2-WORK\OATHIS\DENNIS\oathis-dashboards\apps\demo-ha\.next\server\chunks\[root-of-the-server]__0u79gu7._.js:1:1390)
    at instantiateModule (C:\Dropbox\ALAN\2-WORK\OATHIS\DENNIS\oathis-dashboards\apps\demo-ha\.next\server\chunks\[turbopack]_runtime.js:853:9)
    at instantiateRuntimeModule (C:\Dropbox\ALAN\2-WORK\OATHIS\DENNIS\oathis-dashboards\apps\demo-ha\.next\server\chunks\[turbopack]_runtime.js:882:12)
    at getOrInstantiateRuntimeModule (C:\Dropbox\ALAN\2-WORK\OATHIS\DENNIS\oathis-dashboards\apps\demo-ha\.next\server\chunks\[turbopack]_runtime.js:895:12)
    at Object.m (C:\Dropbox\ALAN\2-WORK\OATHIS\DENNIS\oathis-dashboards\apps\demo-ha\.next\server\chunks\[turbopack]_runtime.js:898:18)
    at Object.<anonymous> (C:\Dropbox\ALAN\2-WORK\OATHIS\DENNIS\oathis-dashboards\apps\demo-ha\.next\server\app\api\subjects\route.js:5:3)

> Build error occurred
Error: Failed to collect page data for /api/subjects
    at ignore-listed frames {
  type: 'Error'
}
npm error Lifecycle script `build` failed with error:
npm error code 1
npm error path C:\Dropbox\ALAN\2-WORK\OATHIS\DENNIS\oathis-dashboards\apps\demo-ha
npm error workspace demo-ha@0.1.0
npm error location C:\Dropbox\ALAN\2-WORK\OATHIS\DENNIS\oathis-dashboards\apps\demo-ha
npm error command failed
npm error command C:\Windows\system32\cmd.exe /d /s /c next build
